movetoplay/platforms/android/build/outputs/logs/manifest-merger-debug-report.txt
-- Merging decision tree log ---
manifest
ADDED from platforms/android/AndroidManifest.xml:2:1-57:12
	package
		ADDED from platforms/android/AndroidManifest.xml:2:98-134
		INJECTED from platforms/android/AndroidManifest.xml
		INJECTED from platforms/android/AndroidManifest.xml
	android:versionName
		ADDED from platforms/android/AndroidManifest.xml:2:70-97
		INJECTED from platforms/android/AndroidManifest.xml
		INJECTED from platforms/android/AndroidManifest.xml
	android:hardwareAccelerated
		ADDED from platforms/android/AndroidManifest.xml:2:11-45
	android:versionCode
		ADDED from platforms/android/AndroidManifest.xml:2:46-69
		INJECTED from platforms/android/AndroidManifest.xml
		INJECTED from platforms/android/AndroidManifest.xml
	xmlns:android
		ADDED from platforms/android/AndroidManifest.xml:2:135-193
supports-screens
ADDED from platforms/android/AndroidManifest.xml:3:5-191
	android:largeScreens
		ADDED from platforms/android/AndroidManifest.xml:3:49-76
	android:smallScreens
		ADDED from platforms/android/AndroidManifest.xml:3:132-159
	android:normalScreens
		ADDED from platforms/android/AndroidManifest.xml:3:77-105
	android:xlargeScreens
		ADDED from platforms/android/AndroidManifest.xml:3:160-188
	android:resizeable
		ADDED from platforms/android/AndroidManifest.xml:3:106-131
	android:anyDensity
		ADDED from platforms/android/AndroidManifest.xml:3:23-48
uses-permission#android.permission.INTERNET
ADDED from platforms/android/AndroidManifest.xml:4:5-67
	android:name
		ADDED from platforms/android/AndroidManifest.xml:4:22-64
application
ADDED from platforms/android/AndroidManifest.xml:5:5-45:19
	android:label
		ADDED from platforms/android/AndroidManifest.xml:5:83-115
	android:supportsRtl
		ADDED from platforms/android/AndroidManifest.xml:5:116-142
	android:hardwareAccelerated
		ADDED from platforms/android/AndroidManifest.xml:5:18-52
	android:icon
		ADDED from platforms/android/AndroidManifest.xml:5:53-82
activity#com.ionicframework.starter.MainActivity
ADDED from platforms/android/AndroidManifest.xml:6:9-11:20
	android:label
		ADDED from platforms/android/AndroidManifest.xml:6:97-134
	android:launchMode
		ADDED from platforms/android/AndroidManifest.xml:6:135-165
	android:windowSoftInputMode
		ADDED from platforms/android/AndroidManifest.xml:6:257-299
	android:configChanges
		ADDED from platforms/android/AndroidManifest.xml:6:19-96
	android:theme
		ADDED from platforms/android/AndroidManifest.xml:6:194-256
	android:name
		ADDED from platforms/android/AndroidManifest.xml:6:166-193
intent-filter#android.intent.action.MAIN+android.intent.category.LAUNCHER
ADDED from platforms/android/AndroidManifest.xml:7:13-10:29
	android:label
		ADDED from platforms/android/AndroidManifest.xml:7:28-65
action#android.intent.action.MAIN
ADDED from platforms/android/AndroidManifest.xml:8:17-69
	android:name
		ADDED from platforms/android/AndroidManifest.xml:8:25-66
category#android.intent.category.LAUNCHER
ADDED from platforms/android/AndroidManifest.xml:9:17-77
	android:name
		ADDED from platforms/android/AndroidManifest.xml:9:27-74
activity#com.google.zxing.client.android.CaptureActivity
ADDED from platforms/android/AndroidManifest.xml:12:9-17:20
	android:clearTaskOnLaunch
		ADDED from platforms/android/AndroidManifest.xml:12:19-51
	android:screenOrientation
		ADDED from platforms/android/AndroidManifest.xml:12:191-228
	android:exported
		ADDED from platforms/android/AndroidManifest.xml:12:103-127
	android:windowSoftInputMode
		ADDED from platforms/android/AndroidManifest.xml:12:288-335
	android:configChanges
		ADDED from platforms/android/AndroidManifest.xml:12:52-102
	android:theme
		ADDED from platforms/android/AndroidManifest.xml:12:229-287
	android:name
		ADDED from platforms/android/AndroidManifest.xml:12:128-190
intent-filter#android.intent.category.DEFAULT+com.google.zxing.client.android.SCAN
ADDED from platforms/android/AndroidManifest.xml:13:13-16:29
action#com.google.zxing.client.android.SCAN
ADDED from platforms/android/AndroidManifest.xml:14:17-79
	android:name
		ADDED from platforms/android/AndroidManifest.xml:14:25-76
category#android.intent.category.DEFAULT
ADDED from platforms/android/AndroidManifest.xml:15:17-76
	android:name
		ADDED from platforms/android/AndroidManifest.xml:15:27-73
activity#com.google.zxing.client.android.encode.EncodeActivity
ADDED from platforms/android/AndroidManifest.xml:18:9-23:20
	android:label
		ADDED from platforms/android/AndroidManifest.xml:18:19-53
	android:name
		ADDED from platforms/android/AndroidManifest.xml:18:54-122
intent-filter#android.intent.category.DEFAULT+com.phonegap.plugins.barcodescanner.ENCODE
ADDED from platforms/android/AndroidManifest.xml:19:13-22:29
action#com.phonegap.plugins.barcodescanner.ENCODE
ADDED from platforms/android/AndroidManifest.xml:20:17-85
	android:name
		ADDED from platforms/android/AndroidManifest.xml:20:25-82
activity#com.google.zxing.client.android.HelpActivity
ADDED from platforms/android/AndroidManifest.xml:24:9-29:20
	android:label
		ADDED from platforms/android/AndroidManifest.xml:24:19-53
	android:name
		ADDED from platforms/android/AndroidManifest.xml:24:54-113
intent-filter#android.intent.action.VIEW+android.intent.category.DEFAULT
ADDED from platforms/android/AndroidManifest.xml:25:13-28:29
action#android.intent.action.VIEW
ADDED from platforms/android/AndroidManifest.xml:26:17-69
	android:name
		ADDED from platforms/android/AndroidManifest.xml:26:25-66
receiver#org.altbeacon.beacon.startup.StartupBroadcastReceiver
ADDED from platforms/android/AndroidManifest.xml:30:9-36:20
	android:name
		ADDED from platforms/android/AndroidManifest.xml:30:19-87
intent-filter#android.intent.action.ACTION_POWER_CONNECTED+android.intent.action.ACTION_POWER_DISCONNECTED+android.intent.action.BOOT_COMPLETED
ADDED from platforms/android/AndroidManifest.xml:31:13-35:29
action#android.intent.action.BOOT_COMPLETED
ADDED from platforms/android/AndroidManifest.xml:32:17-79
	android:name
		ADDED from platforms/android/AndroidManifest.xml:32:25-76
action#android.intent.action.ACTION_POWER_CONNECTED
ADDED from platforms/android/AndroidManifest.xml:33:17-87
	android:name
		ADDED from platforms/android/AndroidManifest.xml:33:25-84
action#android.intent.action.ACTION_POWER_DISCONNECTED
ADDED from platforms/android/AndroidManifest.xml:34:17-90
	android:name
		ADDED from platforms/android/AndroidManifest.xml:34:25-87
service#org.altbeacon.beacon.service.BeaconService
ADDED from platforms/android/AndroidManifest.xml:37:9-181
	android:enabled
		ADDED from platforms/android/AndroidManifest.xml:37:18-40
	android:label
		ADDED from platforms/android/AndroidManifest.xml:37:97-120
	android:exported
		ADDED from platforms/android/AndroidManifest.xml:37:41-64
	android:isolatedProcess
		ADDED from platforms/android/AndroidManifest.xml:37:65-96
	android:name
		ADDED from platforms/android/AndroidManifest.xml:37:121-178
service#org.altbeacon.beacon.BeaconIntentProcessor
ADDED from platforms/android/AndroidManifest.xml:38:9-44:19
	android:enabled
		ADDED from platforms/android/AndroidManifest.xml:38:18-40
	android:name
		ADDED from platforms/android/AndroidManifest.xml:38:41-98
meta-data#background
ADDED from platforms/android/AndroidManifest.xml:39:13-73
	android:value
		ADDED from platforms/android/AndroidManifest.xml:39:50-70
	android:name
		ADDED from platforms/android/AndroidManifest.xml:39:24-49
intent-filter#com.unarin.cordova.beacon.IBeaconPlugin.DID_MONITORING+com.unarin.cordova.beacon.IBeaconPlugin.DID_RANGING
ADDED from platforms/android/AndroidManifest.xml:40:13-43:29
	android:priority
		ADDED from platforms/android/AndroidManifest.xml:40:28-48
action#com.unarin.cordova.beacon.IBeaconPlugin.DID_RANGING
ADDED from platforms/android/AndroidManifest.xml:41:17-94
	android:name
		ADDED from platforms/android/AndroidManifest.xml:41:25-91
action#com.unarin.cordova.beacon.IBeaconPlugin.DID_MONITORING
ADDED from platforms/android/AndroidManifest.xml:42:17-97
	android:name
		ADDED from platforms/android/AndroidManifest.xml:42:25-94
uses-sdk
ADDED from platforms/android/AndroidManifest.xml:46:5-74
MERGED from [android:CordovaLib:unspecified:debug] AndroidManifest.xml:25:5-44
	android:targetSdkVersion
		ADDED from platforms/android/AndroidManifest.xml:46:42-71
	android:minSdkVersion
		ADDED from platforms/android/AndroidManifest.xml:46:15-41
uses-permission#android.permission.CAMERA
ADDED from platforms/android/AndroidManifest.xml:47:5-65
	android:name
		ADDED from platforms/android/AndroidManifest.xml:47:22-62
uses-permission#android.permission.FLASHLIGHT
ADDED from platforms/android/AndroidManifest.xml:48:5-69
	android:name
		ADDED from platforms/android/AndroidManifest.xml:48:22-66
uses-feature#android.hardware.camera
ADDED from platforms/android/AndroidManifest.xml:49:5-85
	android:required
		ADDED from platforms/android/AndroidManifest.xml:49:58-82
	android:name
		ADDED from platforms/android/AndroidManifest.xml:49:19-57
uses-permission#android.permission.WRITE_EXTERNAL_STORAGE
ADDED from platforms/android/AndroidManifest.xml:50:5-81
	android:name
		ADDED from platforms/android/AndroidManifest.xml:50:22-78
uses-permission#android.permission.RECORD_AUDIO
ADDED from platforms/android/AndroidManifest.xml:51:5-71
	android:name
		ADDED from platforms/android/AndroidManifest.xml:51:22-68
uses-permission#android.permission.MODIFY_AUDIO_SETTINGS
ADDED from platforms/android/AndroidManifest.xml:52:5-80
	android:name
		ADDED from platforms/android/AndroidManifest.xml:52:22-77
uses-permission#android.permission.READ_PHONE_STATE
ADDED from platforms/android/AndroidManifest.xml:53:5-75
	android:name
		ADDED from platforms/android/AndroidManifest.xml:53:22-72
uses-permission#android.permission.BLUETOOTH
ADDED from platforms/android/AndroidManifest.xml:54:5-68
	android:name
		ADDED from platforms/android/AndroidManifest.xml:54:22-65
uses-permission#android.permission.BLUETOOTH_ADMIN
ADDED from platforms/android/AndroidManifest.xml:55:5-74
	android:name
		ADDED from platforms/android/AndroidManifest.xml:55:22-71
uses-permission#android.permission.READ_EXTERNAL_STORAGE
ADDED from platforms/android/AndroidManifest.xml:56:5-80
	android:name
		ADDED from platforms/android/AndroidManifest.xml:56:22-77